<?xml version="1.0" encoding="UTF-8"?>
<!-- Generated by org.testng.reporters.JUnitXMLReporter -->
<testsuite hostname="vikas-Latitude-E5440" name="Surefire test" tests="6" failures="0" timestamp="4 Sep 2015 19:45:52 GMT" time="10.596" errors="0">
  <testcase name="filterTest" time="1.852" classname="com.hc.es.core.api.test.SearchServiceTest"/>
  <testcase name="indexSimpleDocument" time="0.872" classname="com.hc.es.core.api.test.SimpleElasticsearchTest"/>
  <testcase name="addMappingTest" time="0.51" classname="com.hc.es.core.api.test.AdminServiceTest"/>
  <testcase name="testCreateIndex" time="0.429" classname="com.hc.es.core.api.test.AdminServiceTest"/>
  <testcase name="updateIndexTest" time="0.916" classname="com.hc.es.core.api.test.AdminServiceTest"/>
  <testcase name="testIndex" time="0.872" classname="com.hc.es.core.api.test.IndexServiceTest"/>
</testsuite> <!-- Surefire test -->
